<?xml version="1.0" encoding="UTF-8"?>
<testsuites>
  <testsuite name="/home/mmh/Work/projects/packages/sync-env/phpunit.xml" tests="6" assertions="15" errors="2" failures="0" skipped="0" time="0.166714">
    <testsuite name="Test Suite" tests="6" assertions="15" errors="2" failures="0" skipped="0" time="0.166714">
      <testsuite name="Tests\Unit\SyncEnvCommandTest" file="tests/Unit/SyncEnvCommandTest.php" tests="6" assertions="15" errors="2" failures="0" skipped="0" time="0.166714">
        <testcase name="it fails when invalid keys are present in source" file="tests/Unit/SyncEnvCommandTest.php::it fails when invalid keys are present in source" class="Tests\Unit\SyncEnvCommandTest" classname="Tests.Unit.SyncEnvCommandTest" assertions="2" time="0.137868"/>
        <testcase name="it fails when source file does not exist" file="tests/Unit/SyncEnvCommandTest.php::it fails when source file does not exist" class="Tests\Unit\SyncEnvCommandTest" classname="Tests.Unit.SyncEnvCommandTest" assertions="2" time="0.004839"/>
        <testcase name="it fails when duplicate keys are present in source" file="tests/Unit/SyncEnvCommandTest.php::it fails when duplicate keys are present in source" class="Tests\Unit\SyncEnvCommandTest" classname="Tests.Unit.SyncEnvCommandTest" assertions="2" time="0.004451"/>
        <testcase name="it can sync from source to target env file" file="tests/Unit/SyncEnvCommandTest.php::it can sync from source to target env file" class="Tests\Unit\SyncEnvCommandTest" classname="Tests.Unit.SyncEnvCommandTest" assertions="9" time="0.006783"/>
        <testcase name="it creates target file if it does not exist" file="tests/Unit/SyncEnvCommandTest.php::it creates target file if it does not exist" class="Tests\Unit\SyncEnvCommandTest" classname="Tests.Unit.SyncEnvCommandTest" assertions="0" time="0.008110">
          <error type="Symfony\Component\Console\Exception\InvalidArgumentException">it creates target file if it does not existSymfony\Component\Console\Exception\InvalidArgumentException: The "source" argument does not exist.
at vendor/symfony/console/Input/ArrayInput.php:186
at vendor/symfony/console/Input/ArrayInput.php:125
at vendor/symfony/console/Input/Input.php:53
at vendor/symfony/console/Command/Command.php:289
at vendor/laravel/framework/src/Illuminate/Console/Command.php:182
at vendor/symfony/console/Application.php:1080
at vendor/symfony/console/Application.php:356
at vendor/symfony/console/Application.php:195
at vendor/laravel/framework/src/Illuminate/Console/Application.php:166
at vendor/laravel/framework/src/Illuminate/Foundation/Console/Kernel.php:427
at vendor/laravel/framework/src/Illuminate/Testing/PendingCommand.php:332
at vendor/laravel/framework/src/Illuminate/Testing/PendingCommand.php:556
at tests/Unit/SyncEnvCommandTest.php:113</error>
        </testcase>
        <testcase name="it preserves comments and empty lines" file="tests/Unit/SyncEnvCommandTest.php::it preserves comments and empty lines" class="Tests\Unit\SyncEnvCommandTest" classname="Tests.Unit.SyncEnvCommandTest" assertions="0" time="0.004663">
          <error type="Symfony\Component\Console\Exception\InvalidArgumentException">it preserves comments and empty linesSymfony\Component\Console\Exception\InvalidArgumentException: The "source" argument does not exist.
at vendor/symfony/console/Input/ArrayInput.php:186
at vendor/symfony/console/Input/ArrayInput.php:125
at vendor/symfony/console/Input/Input.php:53
at vendor/symfony/console/Command/Command.php:289
at vendor/laravel/framework/src/Illuminate/Console/Command.php:182
at vendor/symfony/console/Application.php:1080
at vendor/symfony/console/Application.php:356
at vendor/symfony/console/Application.php:195
at vendor/laravel/framework/src/Illuminate/Console/Application.php:166
at vendor/laravel/framework/src/Illuminate/Foundation/Console/Kernel.php:427
at vendor/laravel/framework/src/Illuminate/Testing/PendingCommand.php:332
at vendor/laravel/framework/src/Illuminate/Testing/PendingCommand.php:556
at tests/Unit/SyncEnvCommandTest.php:148</error>
        </testcase>
      </testsuite>
    </testsuite>
  </testsuite>
</testsuites>
